<?xml version="1.0" encoding="UTF-8"?>
<testng-results skipped="0" failed="0" ignored="0" total="1" passed="1">
  <reporter-output>
  </reporter-output>
  <suite name="Default suite" duration-ms="18294" started-at="2022-08-22T22:07:28 GMT-05:00" finished-at="2022-08-22T22:07:47 GMT-05:00">
    <groups>
    </groups>
    <test name="Default test" duration-ms="18294" started-at="2022-08-22T22:07:28 GMT-05:00" finished-at="2022-08-22T22:07:47 GMT-05:00">
      <class name="test.AddContactTest">
        <test-method status="PASS" signature="validUserShouldBeAbleToAddContact()[pri:0, instance:test.AddContactTest@1d29cf23]" name="validUserShouldBeAbleToAddContact" duration-ms="18263" started-at="2022-08-22T22:07:28 GMT-05:00" finished-at="2022-08-22T22:07:47 GMT-05:00">
          <reporter-output>
          </reporter-output>
        </test-method> <!-- validUserShouldBeAbleToAddContact -->
      </class> <!-- test.AddContactTest -->
    </test> <!-- Default test -->
  </suite> <!-- Default suite -->
</testng-results>
